<?xml version="1.0" encoding="UTF-8"?>
<!-- Generated by org.testng.reporters.JUnitXMLReporter -->
<testsuite ignored="0" hostname="DESKTOP-LHIKNTO" failures="1" tests="2" name="Test" time="29.64" errors="0" timestamp="2024-02-26T14:19:35 CST">
  <testcase classname="qa.test.Testcase1" name="sampleMethodForEnteringCredentials" time="3.879">
    <skipped/>
  </testcase> <!-- sampleMethodForEnteringCredentials -->
  <testcase classname="qa.test.Testcase1" name="sampleMethodForEnteringCredentials" time="4.484">
    <failure type="java.lang.AssertionError" message="Element not found expected [true] but found [false]">
      <![CDATA[java.lang.AssertionError: Element not found expected [true] but found [false]
at pageEvents.LoginPageEvents.verifyIfLoginPageIsLoaded(LoginPageEvents.java:14)
at qa.test.Testcase1.sampleMethodForEnteringCredentials(Testcase1.java:21)
at java.base/java.util.ArrayList.forEach(ArrayList.java:1596)
... Removed 28 stack frames]]>
    </failure>
  </testcase> <!-- sampleMethodForEnteringCredentials -->
</testsuite> <!-- Test -->
